2022-05-05 10:23:22,116|naive_search
2022-05-05 10:23:22,116|Minimum f: 3.0000
2022-05-05 10:23:22,116|Optimum x1: 0.000000
2022-05-05 10:23:22,116|Optimum x2: -1.000000
2022-05-05 10:23:22,116|Time : 184.786503s

2022-05-05 10:24:53,126|Grid Search
2022-05-05 10:24:53,126|Minimum f: 3.0000
2022-05-05 10:24:53,126|Optimum x1: 0.000000
2022-05-05 10:24:53,126|Optimum x2: -1.000000
2022-05-05 10:24:53,126|Time : 2.741694s

2022-05-05 10:28:03,505|Greedy
2022-05-05 10:28:03,505|Minimum f: 3.0000
2022-05-05 10:28:03,505|Optimum x1: 0.000000
2022-05-05 10:28:03,505|Optimum x2: -1.000000
2022-05-05 10:28:03,505|Time : 0.006260s

2022-05-05 10:28:47,573|Greedy
2022-05-05 10:28:47,573|Minimum f: 30.0000
2022-05-05 10:28:47,573|Optimum x1: -0.600000
2022-05-05 10:28:47,573|Optimum x2: -0.400000
2022-05-05 10:28:47,573|Time : 0.006416s

2022-05-05 10:29:27,796|Greedy
2022-05-05 10:29:27,796|Minimum f: 92.0625
2022-05-05 10:29:27,796|Optimum x1: 1.500000
2022-05-05 10:29:27,806|Optimum x2: 0.000000
2022-05-05 10:29:27,806|Time : 0.000764s

2022-05-05 10:50:25,442|Grid Search
2022-05-05 10:50:25,442|Minimum f: 3.0000
2022-05-05 10:50:25,442|Optimum x1: 0.000000
2022-05-05 10:50:25,442|Optimum x2: -1.000000
2022-05-05 10:50:25,442|Time : 1.021261s

2022-05-05 12:39:36,966|Random Search
2022-05-05 12:39:36,988|Minimum f: 3.0000
2022-05-05 12:39:36,988|Optimum x1: 0.000000
2022-05-05 12:39:36,988|Optimum x2: -1.000000
2022-05-05 12:39:36,988|Time : 3.373887s

2022-05-05 22:15:11,412|Simulated_Annealing
2022-05-05 22:15:11,412|Minimum f: 32.5381
2022-05-05 22:15:11,412|Optimum x1: -0.507074
2022-05-05 22:15:11,412|Optimum x2: -0.468667
2022-05-05 22:15:11,412|Time : 0.002201s

2022-05-05 22:15:30,207|Simulated_Annealing
2022-05-05 22:15:30,207|Minimum f: 3.0322
2022-05-05 22:15:30,207|Optimum x1: 0.009379
2022-05-05 22:15:30,207|Optimum x2: -1.002921
2022-05-05 22:15:30,207|Time : 0.012490s

2022-05-05 22:15:42,696|Simulated_Annealing
2022-05-05 22:15:42,696|Minimum f: 3.0053
2022-05-05 22:15:42,696|Optimum x1: -0.004822
2022-05-05 22:15:42,696|Optimum x2: -1.001673
2022-05-05 22:15:42,696|Time : 0.026292s

2022-05-05 22:15:54,184|Simulated_Annealing
2022-05-05 22:15:54,184|Minimum f: 84.0948
2022-05-05 22:15:54,184|Optimum x1: 1.785478
2022-05-05 22:15:54,184|Optimum x2: 0.193113
2022-05-05 22:15:54,184|Time : 0.071390s

2022-05-05 22:16:08,946|Simulated_Annealing
2022-05-05 22:16:08,946|Minimum f: 84.0447
2022-05-05 22:16:08,946|Optimum x1: 1.814874
2022-05-05 22:16:08,946|Optimum x2: 0.210862
2022-05-05 22:16:08,946|Time : 0.061967s

2022-05-05 23:03:37,093|Genetic_Algorithm
2022-05-05 23:03:37,112|Minimum f: 3.0432
2022-05-05 23:03:37,112|Optimum x1: -0.001955
2022-05-05 23:03:37,112|Optimum x2: -0.990520
2022-05-05 23:03:37,112|Time : 0.736677s

2022-05-05 23:05:48,875|Genetic_Algorithm
2022-05-05 23:05:48,875|Minimum f: 3.0254
2022-05-05 23:05:48,875|Optimum x1: -0.005865
2022-05-05 23:05:48,875|Optimum x2: -1.007828
2022-05-05 23:05:48,875|Time : 0.686876s

2022-05-05 23:09:29,988|Genetic_Algorithm
2022-05-05 23:09:29,989|Minimum f: 3.0493
2022-05-05 23:09:29,989|Optimum x1: 0.009775
2022-05-05 23:09:29,989|Optimum x2: -1.005446
2022-05-05 23:09:29,989|Time : 0.571422s

2022-05-06 16:11:21,353|naive_search
2022-05-06 16:11:21,353|Minimum f: 3.0000
2022-05-06 16:11:21,353|Optimum x1: 0.000000
2022-05-06 16:11:21,353|Optimum x2: -1.000000
2022-05-06 16:11:21,353|Time : 0.994265s

2022-05-06 16:29:21,149|Grid Search
2022-05-06 16:29:21,149|Minimum f: 3.0000
2022-05-06 16:29:21,149|Optimum x1: 0.000000
2022-05-06 16:29:21,149|Optimum x2: -1.000000
2022-05-06 16:29:21,149|Time : 1.062211s

2022-05-06 16:39:12,952|Random Search
2022-05-06 16:39:12,953|Minimum f: 3.0000
2022-05-06 16:39:12,953|Optimum x1: -0.000000
2022-05-06 16:39:12,953|Optimum x2: -1.000000
2022-05-06 16:39:12,953|Time : 0.079004s

2022-05-06 16:39:39,399|Random Search
2022-05-06 16:39:39,399|Minimum f: 3.0925
2022-05-06 16:39:39,399|Optimum x1: 0.010000
2022-05-06 16:39:39,399|Optimum x2: -1.010000
2022-05-06 16:39:39,399|Time : 0.081363s

2022-05-06 16:39:49,441|Random Search
2022-05-06 16:39:49,442|Minimum f: 3.0254
2022-05-06 16:39:49,442|Optimum x1: 0.010000
2022-05-06 16:39:49,442|Optimum x2: -1.000000
2022-05-06 16:39:49,442|Time : 0.074438s

2022-05-06 16:43:42,175|Random Search
2022-05-06 16:43:42,176|Minimum f: 3.0427
2022-05-06 16:43:42,176|Optimum x1: 0.000000
2022-05-06 16:43:42,176|Optimum x2: -0.990000
2022-05-06 16:43:42,176|Time : 0.074972s

2022-05-06 16:43:43,970|Random Search
2022-05-06 16:43:43,970|Minimum f: 3.0254
2022-05-06 16:43:43,970|Optimum x1: 0.010000
2022-05-06 16:43:43,970|Optimum x2: -1.000000
2022-05-06 16:43:43,971|Time : 0.072248s

2022-05-06 16:43:45,065|Random Search
2022-05-06 16:43:45,066|Minimum f: 3.0000
2022-05-06 16:43:45,066|Optimum x1: -0.000000
2022-05-06 16:43:45,066|Optimum x2: -1.000000
2022-05-06 16:43:45,066|Time : 0.074495s

2022-05-06 16:44:37,488|Random Search
2022-05-06 16:44:37,488|Minimum f: 3.0427
2022-05-06 16:44:37,489|Optimum x1: -0.000000
2022-05-06 16:44:37,489|Optimum x2: -0.990000
2022-05-06 16:44:37,489|Time : 0.074478s

2022-05-06 16:44:38,411|Random Search
2022-05-06 16:44:38,412|Minimum f: 3.0925
2022-05-06 16:44:38,412|Optimum x1: 0.010000
2022-05-06 16:44:38,412|Optimum x2: -1.010000
2022-05-06 16:44:38,412|Time : 0.074040s

2022-05-06 17:09:51,293|Greedy
2022-05-06 17:09:51,294|Minimum f: 30.1963
2022-05-06 17:09:51,294|Optimum x1: -0.620000
2022-05-06 17:09:51,294|Optimum x2: -0.380000
2022-05-06 17:09:51,294|Time : 0.001619s

2022-05-06 17:09:52,761|Greedy
2022-05-06 17:09:52,761|Minimum f: 30.0000
2022-05-06 17:09:52,761|Optimum x1: -0.600000
2022-05-06 17:09:52,761|Optimum x2: -0.400000
2022-05-06 17:09:52,761|Time : 0.001812s

2022-05-06 17:09:54,511|Greedy
2022-05-06 17:09:54,511|Minimum f: 30.1963
2022-05-06 17:09:54,511|Optimum x1: -0.620000
2022-05-06 17:09:54,511|Optimum x2: -0.380000
2022-05-06 17:09:54,511|Time : 0.003573s

2022-05-06 17:11:21,684|Greedy
2022-05-06 17:11:21,684|Minimum f: 94.7619
2022-05-06 17:11:21,684|Optimum x1: 1.430000
2022-05-06 17:11:21,684|Optimum x2: -0.050000
2022-05-06 17:11:21,684|Time : 0.000754s

2022-05-06 17:11:43,799|Greedy
2022-05-06 17:11:43,799|Minimum f: 30.0000
2022-05-06 17:11:43,799|Optimum x1: -0.600000
2022-05-06 17:11:43,799|Optimum x2: -0.400000
2022-05-06 17:11:43,799|Time : 0.001773s

2022-05-06 17:12:01,002|Greedy
2022-05-06 17:12:01,003|Minimum f: 840.0000
2022-05-06 17:12:01,003|Optimum x1: 1.200000
2022-05-06 17:12:01,003|Optimum x2: 0.800000
2022-05-06 17:12:01,003|Time : 0.000949s

2022-05-06 17:12:02,621|Greedy
2022-05-06 17:12:02,621|Minimum f: 95.5089
2022-05-06 17:12:02,621|Optimum x1: 1.020000
2022-05-06 17:12:02,621|Optimum x2: -0.320000
2022-05-06 17:12:02,621|Time : 0.000283s

2022-05-06 17:12:03,557|Greedy
2022-05-06 17:12:03,558|Minimum f: 840.0000
2022-05-06 17:12:03,558|Optimum x1: 1.200000
2022-05-06 17:12:03,558|Optimum x2: 0.800000
2022-05-06 17:12:03,558|Time : 0.001160s

2022-05-06 17:57:46,960|Simulated_Annealing
2022-05-06 17:57:46,961|Minimum f: 3.0016
2022-05-06 17:57:46,961|Optimum x1: -0.000454
2022-05-06 17:57:46,961|Optimum x2: -0.998230
2022-05-06 17:57:46,961|Time : 0.062122s

2022-05-06 17:57:48,155|Simulated_Annealing
2022-05-06 17:57:48,155|Minimum f: 3.0501
2022-05-06 17:57:48,156|Optimum x1: -0.009138
2022-05-06 17:57:48,156|Optimum x2: -0.993637
2022-05-06 17:57:48,156|Time : 0.057004s

2022-05-06 17:57:49,118|Simulated_Annealing
2022-05-06 17:57:49,118|Minimum f: 3.0113
2022-05-06 17:57:49,118|Optimum x1: 0.006460
2022-05-06 17:57:49,118|Optimum x2: -0.996271
2022-05-06 17:57:49,118|Time : 0.059840s

2022-05-06 17:57:50,143|Simulated_Annealing
2022-05-06 17:57:50,143|Minimum f: 3.0022
2022-05-06 17:57:50,144|Optimum x1: 0.002140
2022-05-06 17:57:50,144|Optimum x2: -0.997840
2022-05-06 17:57:50,144|Time : 0.058630s

2022-05-06 17:59:36,338|Simulated_Annealing
2022-05-06 17:59:36,339|Minimum f: 3.0049
2022-05-06 17:59:36,339|Optimum x1: 0.002215
2022-05-06 17:59:36,339|Optimum x2: -0.996479
2022-05-06 17:59:36,339|Time : 0.060069s

2022-05-06 17:59:36,849|Simulated_Annealing
2022-05-06 17:59:36,849|Minimum f: 3.0004
2022-05-06 17:59:36,849|Optimum x1: 0.000653
2022-05-06 17:59:36,849|Optimum x2: -1.000639
2022-05-06 17:59:36,849|Time : 0.061014s

2022-05-06 17:59:37,335|Simulated_Annealing
2022-05-06 17:59:37,335|Minimum f: 3.0036
2022-05-06 17:59:37,335|Optimum x1: 0.003993
2022-05-06 17:59:37,335|Optimum x2: -0.999338
2022-05-06 17:59:37,336|Time : 0.066647s

2022-05-06 17:59:37,905|Simulated_Annealing
2022-05-06 17:59:37,906|Minimum f: 3.0316
2022-05-06 17:59:37,906|Optimum x1: -0.011461
2022-05-06 17:59:37,906|Optimum x2: -1.000674
2022-05-06 17:59:37,906|Time : 0.061491s

2022-05-06 19:44:22,655|Genetic_Algorithm
2022-05-06 19:44:22,671|Minimum f: 3.0088
2022-05-06 19:44:22,671|Optimum x1: 0.001955
2022-05-06 19:44:22,671|Optimum x2: -0.995213
2022-05-06 19:44:22,671|Time : 0.693728s

2022-05-06 19:44:25,794|Genetic_Algorithm
2022-05-06 19:44:25,794|Minimum f: 3.0009
2022-05-06 19:44:25,794|Optimum x1: 0.001955
2022-05-06 19:44:25,794|Optimum x2: -0.999740
2022-05-06 19:44:25,794|Time : 0.699202s

2022-05-06 19:44:27,826|Genetic_Algorithm
2022-05-06 19:44:27,842|Minimum f: 30.2844
2022-05-06 19:44:27,842|Optimum x1: -0.584555
2022-05-06 19:44:27,842|Optimum x2: -0.399598
2022-05-06 19:44:27,842|Time : 0.697807s

2022-05-06 19:44:29,289|Genetic_Algorithm
2022-05-06 19:44:29,289|Minimum f: 3.0041
2022-05-06 19:44:29,289|Optimum x1: 0.001955
2022-05-06 19:44:29,289|Optimum x2: -0.996766
2022-05-06 19:44:29,289|Time : 0.722031s

2022-05-06 19:45:52,715|Genetic_Algorithm
2022-05-06 19:45:52,715|Minimum f: 3.0457
2022-05-06 19:45:52,715|Optimum x1: -0.013685
2022-05-06 19:45:52,715|Optimum x2: -1.000548
2022-05-06 19:45:52,715|Time : 0.688009s

2022-05-06 19:45:54,331|Genetic_Algorithm
2022-05-06 19:45:54,331|Minimum f: 3.0221
2022-05-06 19:45:54,331|Optimum x1: 0.009775
2022-05-06 19:45:54,331|Optimum x2: -0.998678
2022-05-06 19:45:54,331|Time : 0.708471s

2022-05-06 19:45:55,918|Genetic_Algorithm
2022-05-06 19:45:55,918|Minimum f: 3.0717
2022-05-06 19:45:55,918|Optimum x1: -0.013685
2022-05-06 19:45:55,918|Optimum x2: -0.994963
2022-05-06 19:45:55,918|Time : 0.698466s

2022-05-06 19:45:57,558|Genetic_Algorithm
2022-05-06 19:45:57,558|Minimum f: 3.1293
2022-05-06 19:45:57,558|Optimum x1: -0.013685
2022-05-06 19:45:57,558|Optimum x2: -1.017390
2022-05-06 19:45:57,558|Time : 0.724919s

2022-05-06 19:46:55,591|Genetic_Algorithm
2022-05-06 19:46:55,591|Minimum f: 3.0502
2022-05-06 19:46:55,591|Optimum x1: 0.013685
2022-05-06 19:46:55,591|Optimum x2: -1.000730
2022-05-06 19:46:55,591|Time : 0.693394s

2022-05-06 19:46:57,041|Genetic_Algorithm
2022-05-06 19:46:57,041|Minimum f: 3.0584
2022-05-06 19:46:57,041|Optimum x1: -0.013685
2022-05-06 19:46:57,041|Optimum x2: -0.997155
2022-05-06 19:46:57,041|Time : 0.702063s

2022-05-06 19:46:58,025|Genetic_Algorithm
2022-05-06 19:46:58,025|Minimum f: 3.0078
2022-05-06 19:46:58,025|Optimum x1: 0.005865
2022-05-06 19:46:58,025|Optimum x2: -0.998768
2022-05-06 19:46:58,025|Time : 0.710753s

2022-05-06 19:47:13,233|Genetic_Algorithm
2022-05-06 19:47:13,233|Minimum f: 3.7425
2022-05-06 19:47:13,233|Optimum x1: 0.056696
2022-05-06 19:47:13,233|Optimum x2: -0.985971
2022-05-06 19:47:13,233|Time : 0.700993s

2022-05-06 19:47:14,899|Genetic_Algorithm
2022-05-06 19:47:14,899|Minimum f: 3.2721
2022-05-06 19:47:14,899|Optimum x1: 0.033236
2022-05-06 19:47:14,899|Optimum x2: -0.983358
2022-05-06 19:47:14,899|Time : 0.699582s

2022-05-06 19:47:15,873|Genetic_Algorithm
2022-05-06 19:47:15,873|Minimum f: 3.0858
2022-05-06 19:47:15,873|Optimum x1: -0.005865
2022-05-06 19:47:15,873|Optimum x2: -0.987840
2022-05-06 19:47:15,873|Time : 0.698385s

2022-05-06 19:47:16,889|Genetic_Algorithm
2022-05-06 19:47:16,889|Minimum f: 30.7546
2022-05-06 19:47:16,889|Optimum x1: -0.553275
2022-05-06 19:47:16,889|Optimum x2: -0.444583
2022-05-06 19:47:16,903|Time : 0.732359s

