2022-05-05 11:12:09,464|Grid Search
2022-05-05 11:12:09,464|Minimum f: 0.0000
2022-05-05 11:12:09,464|Optimum x1: -0.000000
2022-05-05 11:12:09,464|Optimum x2: -0.000000
2022-05-05 11:12:09,464|Time : 5.906951s

2022-05-05 11:12:39,382|Greedy
2022-05-05 11:12:39,382|Minimum f: 3.9798
2022-05-05 11:12:39,382|Optimum x1: 1.990000
2022-05-05 11:12:39,382|Optimum x2: -0.000000
2022-05-05 11:12:39,382|Time : 0.010594s

2022-05-05 11:14:22,402|naive_search
2022-05-05 11:14:22,402|Minimum f: 0.0000
2022-05-05 11:14:22,402|Optimum x1: -0.000000
2022-05-05 11:14:22,402|Optimum x2: -0.000000
2022-05-05 11:14:22,402|Time : 84.536465s

2022-05-05 11:20:15,652|Greedy
2022-05-05 11:20:15,652|Minimum f: 4.9797
2022-05-05 11:20:15,652|Optimum x1: 0.990000
2022-05-05 11:20:15,652|Optimum x2: -1.990000
2022-05-05 11:20:15,652|Time : 0.000884s

2022-05-05 12:26:43,651|Random Search
2022-05-05 12:26:43,651|Minimum f: 0.8839
2022-05-05 12:26:43,651|Optimum x1: -0.060000
2022-05-05 12:26:43,651|Optimum x2: 0.030000
2022-05-05 12:26:43,651|Time : 0.044655s

2022-05-05 12:27:13,584|Random Search
2022-05-05 12:27:13,584|Minimum f: 0.3950
2022-05-05 12:27:13,584|Optimum x1: 0.020000
2022-05-05 12:27:13,584|Optimum x2: -0.040000
2022-05-05 12:27:13,584|Time : 0.043393s

2022-05-05 12:27:28,343|Random Search
2022-05-05 12:27:28,343|Minimum f: 0.0793
2022-05-05 12:27:28,343|Optimum x1: -0.000000
2022-05-05 12:27:28,343|Optimum x2: -0.020000
2022-05-05 12:27:28,343|Time : 0.044125s

2022-05-05 21:15:50,312|Greedy
2022-05-05 21:15:50,312|Minimum f: 0.0000
2022-05-05 21:15:50,312|Optimum x1: 0.000000
2022-05-05 21:15:50,312|Optimum x2: -0.000000
2022-05-05 21:15:50,312|Time : 0.001240s

2022-05-05 22:16:39,989|Simulated_Annealing
2022-05-05 22:16:39,997|Minimum f: 12.9411
2022-05-05 22:16:39,997|Optimum x1: -1.987237
2022-05-05 22:16:39,997|Optimum x2: 2.990011
2022-05-05 22:16:39,997|Time : 0.018435s

2022-05-05 22:16:51,365|Simulated_Annealing
2022-05-05 22:16:51,365|Minimum f: 1.9916
2022-05-05 22:16:51,365|Optimum x1: 0.992317
2022-05-05 22:16:51,365|Optimum x2: 0.996207
2022-05-05 22:16:51,365|Time : 0.190875s

2022-05-05 22:17:06,029|Simulated_Annealing
2022-05-05 22:17:06,029|Minimum f: 1.9905
2022-05-05 22:17:06,029|Optimum x1: 0.996593
2022-05-05 22:17:06,029|Optimum x2: -0.994435
2022-05-05 22:17:06,029|Time : 0.409880s

2022-05-05 22:21:10,791|Simulated_Annealing
2022-05-05 22:21:10,791|Minimum f: 1.0533
2022-05-05 22:21:10,791|Optimum x1: -0.985753
2022-05-05 22:21:10,791|Optimum x2: 0.014474
2022-05-05 22:21:10,791|Time : 0.382978s

2022-05-05 23:06:19,136|Genetic_Algorithm
2022-05-05 23:06:19,136|Minimum f: 0.0008
2022-05-05 23:06:19,136|Optimum x1: 0.001955
2022-05-05 23:06:19,136|Optimum x2: -0.000167
2022-05-05 23:06:19,136|Time : 0.686686s

2022-05-05 23:07:18,290|Genetic_Algorithm
2022-05-05 23:07:18,290|Minimum f: 0.0008
2022-05-05 23:07:18,290|Optimum x1: 0.001955
2022-05-05 23:07:18,290|Optimum x2: -0.000424
2022-05-05 23:07:18,290|Time : 0.717265s

2022-05-06 16:11:39,159|naive_search
2022-05-06 16:11:39,159|Minimum f: 0.0000
2022-05-06 16:11:39,159|Optimum x1: -0.000000
2022-05-06 16:11:39,159|Optimum x2: -0.000000
2022-05-06 16:11:39,159|Time : 3.723845s

2022-05-06 16:27:48,878|Grid Search
2022-05-06 16:27:48,878|Minimum f: 0.0000
2022-05-06 16:27:48,878|Optimum x1: -0.000000
2022-05-06 16:27:48,878|Optimum x2: -0.000000
2022-05-06 16:27:48,878|Time : 4.175957s

2022-05-06 16:52:29,125|Random Search
2022-05-06 16:52:29,125|Minimum f: 0.1780
2022-05-06 16:52:29,125|Optimum x1: 0.000000
2022-05-06 16:52:29,125|Optimum x2: 0.030000
2022-05-06 16:52:29,125|Time : 0.082369s

2022-05-06 16:52:30,638|Random Search
2022-05-06 16:52:30,639|Minimum f: 1.4712
2022-05-06 16:52:30,639|Optimum x1: -0.020000
2022-05-06 16:52:30,639|Optimum x2: -0.950000
2022-05-06 16:52:30,639|Time : 0.081462s

2022-05-06 16:53:31,721|Random Search
2022-05-06 16:53:31,721|Minimum f: 0.3561
2022-05-06 16:53:31,721|Optimum x1: -0.030000
2022-05-06 16:53:31,721|Optimum x2: 0.030000
2022-05-06 16:53:31,722|Time : 0.082834s

2022-05-06 16:53:32,366|Random Search
2022-05-06 16:53:32,367|Minimum f: 0.2573
2022-05-06 16:53:32,367|Optimum x1: 0.030000
2022-05-06 16:53:32,367|Optimum x2: 0.020000
2022-05-06 16:53:32,367|Time : 0.083447s

2022-05-06 16:53:32,967|Random Search
2022-05-06 16:53:32,968|Minimum f: 0.0397
2022-05-06 16:53:32,968|Optimum x1: 0.010000
2022-05-06 16:53:32,968|Optimum x2: -0.010000
2022-05-06 16:53:32,968|Time : 0.079583s

2022-05-06 16:54:26,295|Random Search
2022-05-06 16:54:26,295|Minimum f: 0.1780
2022-05-06 16:54:26,295|Optimum x1: -0.030000
2022-05-06 16:54:26,295|Optimum x2: 0.000000
2022-05-06 16:54:26,295|Time : 0.085398s

2022-05-06 16:54:26,872|Random Search
2022-05-06 16:54:26,872|Minimum f: 1.3550
2022-05-06 16:54:26,872|Optimum x1: -0.040000
2022-05-06 16:54:26,872|Optimum x2: -0.980000
2022-05-06 16:54:26,872|Time : 0.084990s

2022-05-06 16:54:27,393|Random Search
2022-05-06 16:54:27,393|Minimum f: 0.6315
2022-05-06 16:54:27,393|Optimum x1: 0.040000
2022-05-06 16:54:27,393|Optimum x2: -0.040000
2022-05-06 16:54:27,393|Time : 0.083225s

2022-05-06 17:17:19,380|Greedy
2022-05-06 17:17:19,381|Minimum f: 12.9391
2022-05-06 17:17:19,381|Optimum x1: -1.990000
2022-05-06 17:17:19,381|Optimum x2: -2.980000
2022-05-06 17:17:19,381|Time : 0.000962s

2022-05-06 17:17:22,360|Greedy
2022-05-06 17:17:22,360|Minimum f: 24.8785
2022-05-06 17:17:22,360|Optimum x1: -2.980000
2022-05-06 17:17:22,360|Optimum x2: 3.980000
2022-05-06 17:17:22,360|Time : 0.000581s

2022-05-06 17:17:23,437|Greedy
2022-05-06 17:17:23,437|Minimum f: 24.8785
2022-05-06 17:17:23,437|Optimum x1: 2.980000
2022-05-06 17:17:23,437|Optimum x2: 3.980000
2022-05-06 17:17:23,437|Time : 0.000859s

2022-05-06 17:17:24,299|Greedy
2022-05-06 17:17:24,299|Minimum f: 16.9191
2022-05-06 17:17:24,299|Optimum x1: 3.980000
2022-05-06 17:17:24,299|Optimum x2: 0.990000
2022-05-06 17:17:24,299|Time : 0.000994s

2022-05-06 17:18:19,083|Greedy
2022-05-06 17:18:19,083|Minimum f: 28.8579
2022-05-06 17:18:19,083|Optimum x1: -4.970000
2022-05-06 17:18:19,083|Optimum x2: -1.990000
2022-05-06 17:18:19,084|Time : 0.000444s

2022-05-06 17:18:19,599|Greedy
2022-05-06 17:18:19,599|Minimum f: 8.9593
2022-05-06 17:18:19,599|Optimum x1: -2.980000
2022-05-06 17:18:19,599|Optimum x2: -0.000000
2022-05-06 17:18:19,599|Time : 0.001379s

2022-05-06 17:18:20,126|Greedy
2022-05-06 17:18:20,126|Minimum f: 0.0000
2022-05-06 17:18:20,126|Optimum x1: -0.000000
2022-05-06 17:18:20,126|Optimum x2: -0.000000
2022-05-06 17:18:20,126|Time : 0.000826s

2022-05-06 17:18:20,631|Greedy
2022-05-06 17:18:20,631|Minimum f: 19.8991
2022-05-06 17:18:20,631|Optimum x1: 1.990000
2022-05-06 17:18:20,631|Optimum x2: -3.980000
2022-05-06 17:18:20,631|Time : 0.001075s

2022-05-06 18:03:43,044|Simulated_Annealing
2022-05-06 18:03:43,045|Minimum f: 0.2660
2022-05-06 18:03:43,045|Optimum x1: 0.019934
2022-05-06 18:03:43,045|Optimum x2: -0.030775
2022-05-06 18:03:43,045|Time : 0.375656s

2022-05-06 18:03:44,922|Simulated_Annealing
2022-05-06 18:03:44,923|Minimum f: 0.0756
2022-05-06 18:03:44,923|Optimum x1: 0.006318
2022-05-06 18:03:44,923|Optimum x2: 0.018480
2022-05-06 18:03:44,923|Time : 0.375557s

2022-05-06 18:03:45,917|Simulated_Annealing
2022-05-06 18:03:45,917|Minimum f: 1.2225
2022-05-06 18:03:45,917|Optimum x1: -1.007629
2022-05-06 18:03:45,917|Optimum x2: 0.031461
2022-05-06 18:03:45,917|Time : 0.374722s

2022-05-06 18:03:47,000|Simulated_Annealing
2022-05-06 18:03:47,001|Minimum f: 1.0473
2022-05-06 18:03:47,001|Optimum x1: 0.016254
2022-05-06 18:03:47,001|Optimum x2: 0.994909
2022-05-06 18:03:47,001|Time : 0.375035s

2022-05-06 18:05:46,017|Simulated_Annealing
2022-05-06 18:05:46,017|Minimum f: 1.2860
2022-05-06 18:05:46,018|Optimum x1: 0.038178
2022-05-06 18:05:46,018|Optimum x2: -0.999015
2022-05-06 18:05:46,018|Time : 0.375985s

2022-05-06 18:05:46,660|Simulated_Annealing
2022-05-06 18:05:46,660|Minimum f: 0.3229
2022-05-06 18:05:46,660|Optimum x1: 0.028930
2022-05-06 18:05:46,660|Optimum x2: -0.028194
2022-05-06 18:05:46,660|Time : 0.373914s

2022-05-06 18:05:59,404|Simulated_Annealing
2022-05-06 18:05:59,404|Minimum f: 0.3452
2022-05-06 18:05:59,404|Optimum x1: 0.041826
2022-05-06 18:05:59,404|Optimum x2: -0.000547
2022-05-06 18:05:59,404|Time : 0.376223s

2022-05-06 18:06:00,550|Simulated_Annealing
2022-05-06 18:06:00,550|Minimum f: 0.9951
2022-05-06 18:06:00,550|Optimum x1: 0.995842
2022-05-06 18:06:00,550|Optimum x2: 0.000417
2022-05-06 18:06:00,550|Time : 0.381969s

2022-05-06 19:55:10,919|Genetic_Algorithm
2022-05-06 19:55:10,935|Minimum f: 0.0008
2022-05-06 19:55:10,935|Optimum x1: 0.001955
2022-05-06 19:55:10,935|Optimum x2: -0.000004
2022-05-06 19:55:10,935|Time : 0.722801s

2022-05-06 19:55:12,529|Genetic_Algorithm
2022-05-06 19:55:12,529|Minimum f: 0.0008
2022-05-06 19:55:12,529|Optimum x1: 0.001955
2022-05-06 19:55:12,529|Optimum x2: -0.000055
2022-05-06 19:55:12,529|Time : 0.690941s

2022-05-06 19:55:14,045|Genetic_Algorithm
2022-05-06 19:55:14,045|Minimum f: 0.1134
2022-05-06 19:55:14,045|Optimum x1: 0.001955
2022-05-06 19:55:14,045|Optimum x2: -0.023853
2022-05-06 19:55:14,045|Time : 0.693736s

2022-05-06 19:55:15,833|Genetic_Algorithm
2022-05-06 19:55:15,833|Minimum f: 0.0137
2022-05-06 19:55:15,833|Optimum x1: 0.005865
2022-05-06 19:55:15,833|Optimum x2: -0.005879
2022-05-06 19:55:15,833|Time : 0.702615s

2022-05-06 19:55:17,531|Genetic_Algorithm
2022-05-06 19:55:17,531|Minimum f: 1.0638
2022-05-06 19:55:17,531|Optimum x1: 0.999022
2022-05-06 19:55:17,531|Optimum x2: -0.018193
2022-05-06 19:55:17,531|Time : 0.744115s

2022-05-06 19:57:03,124|Genetic_Algorithm
2022-05-06 19:57:03,124|Minimum f: 1.0040
2022-05-06 19:57:03,124|Optimum x1: -0.999022
2022-05-06 19:57:03,124|Optimum x2: -0.005377
2022-05-06 19:57:03,124|Time : 0.697986s

2022-05-06 19:57:04,405|Genetic_Algorithm
2022-05-06 19:57:04,405|Minimum f: 0.0008
2022-05-06 19:57:04,405|Optimum x1: -0.001955
2022-05-06 19:57:04,405|Optimum x2: -0.000062
2022-05-06 19:57:04,405|Time : 0.700793s

2022-05-06 19:57:05,880|Genetic_Algorithm
2022-05-06 19:57:05,880|Minimum f: 1.0150
2022-05-06 19:57:05,880|Optimum x1: -1.002933
2022-05-06 19:57:05,880|Optimum x2: -0.006123
2022-05-06 19:57:05,880|Time : 0.740029s

